<?xml version="1.0" encoding="UTF-8"?>
<testsuite xmlns:xsi="http://www.w3.org/2001/XMLSchema-instance" xsi:noNamespaceSchemaLocation="https://maven.apache.org/surefire/maven-surefire-plugin/xsd/surefire-test-report.xsd" name="it.unibz.inf.be.AuctionTest" time="0.209" tests="4" errors="0" skipped="0" failures="0">
  <properties>
[...]
</properties>
  <testcase name="testEqualsFalse{int, int, Timestamp, Timestamp, int}[1]" classname="it.unibz.inf.be.AuctionTest" time="0.069"/>
  <testcase name="testEqualsFalse{int, int, Timestamp, Timestamp, int}[2]" classname="it.unibz.inf.be.AuctionTest" time="0.003"/>
  <testcase name="testEqualsTrue{int, int, Timestamp, Timestamp, int}[1]" classname="it.unibz.inf.be.AuctionTest" time="0.002"/>
  <testcase name="testEqualsTrue{int, int, Timestamp, Timestamp, int}[2]" classname="it.unibz.inf.be.AuctionTest" time="0.001"/>
</testsuite>